<?xml version="1.0" encoding="UTF-8"?>
<!-- Generated by org.testng.reporters.JUnitReportReporter -->
<testsuite hostname="DESKTOP-M8CFESV" failures="0" tests="1" name="test.SampleTest" time="8.855" errors="0" timestamp="2023-03-09T15:37:34 IST" skipped="0">
  <testcase classname="test.SampleTest" name="launch_Brrowsers2" time="8.855"/>
  <system-out/>
</testsuite> <!-- test.SampleTest -->
