<?xml version="1.0" encoding="UTF-8"?>
<!-- Generated by org.testng.reporters.JUnitReportReporter -->
<testsuite hostname="DESKTOP-M8CFESV" failures="0" tests="2" name="makeMyTrip.EndToEnd" time="8.840" errors="0" timestamp="2023-03-09T19:16:43 IST" skipped="0">
  <testcase classname="makeMyTrip.EndToEnd" name="validateResults2" time="0.000"/>
  <system-out/>
  <testcase classname="makeMyTrip.EndToEnd" name="validateResults" time="8.840"/>
  <system-out>
    <![CDATA[Name of flight = AirAsia
Price = ₹ 3,926
Name of flight = AirAsia
Price = ₹ 4,203
Name of flight = AirAsia
Price = ₹ 4,533
Name of flight = SpiceJet
Price = ₹ 4,682
Name of flight = AirAsia
Price = ₹ 4,800
Name of flight = IndiGo
Price = ₹ 4,800
Name of flight = SpiceJet
Price = ₹ 5,260
Name of flight = IndiGo
Price = ₹ 5,301
Name of flight = Air India
Price = ₹ 5,523
Name of flight = Air India
Price = ₹ 5,523
Name of flight = IndiGo
Price = ₹ 5,625
Name of flight = IndiGo
Price = ₹ 5,800
Name of flight = IndiGo
Price = ₹ 5,800
Name of flight = IndiGo
Price = ₹ 5,800
Name of flight = SpiceJet
Price = ₹ 5,809
Name of flight = IndiGo
Price = ₹ 6,219
Name of flight = Air India
Price = ₹ 6,258
SpiceJet Flight Avialble]]>
  </system-out>
</testsuite> <!-- makeMyTrip.EndToEnd -->
